<?xml version="1.0" encoding="UTF-8"?>
<!-- Generated by org.testng.reporters.JUnitXMLReporter -->
<testsuite hostname="SVBAWin" name="Command line test" tests="5" failures="0" timestamp="20 Jan 2020 15:05:18 GMT" time="20.22" errors="0">
  <testcase name="AudiA6" time="0.001" classname="com.juliamavenpractice.test.TestNG_Grouping"/>
  <testcase name="BMW3Series" time="0.0" classname="com.juliamavenpractice.test.TestNG_Grouping"/>
  <testcase name="BMWX3" time="0.0" classname="com.juliamavenpractice.test.TestNG_Grouping"/>
  <testcase name="HondaAccord" time="0.0" classname="com.juliamavenpractice.test.TestNG_Grouping"/>
  <testcase name="fillBasicInfo" time="2.083" classname="com.juliamavenpractice.test.TestNG_Test"/>
</testsuite> <!-- Command line test -->
