<?xml version="1.0" encoding="UTF-8"?>
<testng-results skipped="0" failed="0" total="1" passed="1">
  <reporter-output>
  </reporter-output>
  <suite name="Surefire suite" duration-ms="21166" started-at="2020-01-14T17:52:11Z" finished-at="2020-01-14T17:52:32Z">
    <groups>
    </groups>
    <test name="Surefire test" duration-ms="21166" started-at="2020-01-14T17:52:11Z" finished-at="2020-01-14T17:52:32Z">
      <class name="com.juliamavenpractice.test.TestNG_Test">
        <test-method status="PASS" signature="beforeClass()[pri:0, instance:com.juliamavenpractice.test.TestNG_Test@51e5fc98]" name="beforeClass" is-config="true" duration-ms="17899" started-at="2020-01-14T14:52:11Z" finished-at="2020-01-14T14:52:29Z">
          <reporter-output>
          </reporter-output>
        </test-method> <!-- beforeClass -->
        <test-method status="PASS" signature="fillBasicInfo()[pri:0, instance:com.juliamavenpractice.test.TestNG_Test@51e5fc98]" name="fillBasicInfo" duration-ms="2288" started-at="2020-01-14T14:52:29Z" finished-at="2020-01-14T14:52:32Z">
          <reporter-output>
          </reporter-output>
        </test-method> <!-- fillBasicInfo -->
        <test-method status="PASS" signature="afterClass()[pri:0, instance:com.juliamavenpractice.test.TestNG_Test@51e5fc98]" name="afterClass" is-config="true" duration-ms="970" started-at="2020-01-14T14:52:32Z" finished-at="2020-01-14T14:52:32Z">
          <reporter-output>
          </reporter-output>
        </test-method> <!-- afterClass -->
      </class> <!-- com.juliamavenpractice.test.TestNG_Test -->
    </test> <!-- Surefire test -->
  </suite> <!-- Surefire suite -->
</testng-results>
